<!DOCTYPE html PUBLIC "-//W3C//DTD XHTML 1.1//EN" "http://www.w3.org/TR/xhtml11/DTD/xhtml11.dtd">
<html xmlns="http://www.w3.org/1999/xhtml"><head><title>TestNG Report</title><style type="text/css">table {margin-bottom:10px;border-collapse:collapse;empty-cells:show}th,td {border:1px solid #009;padding:.25em .5em}th {vertical-align:bottom}td {vertical-align:top}table a {font-weight:bold}.stripe td {background-color: #E6EBF9}.num {text-align:right}.passedodd td {background-color: #3F3}.passedeven td {background-color: #0A0}.skippedodd td {background-color: #DDD}.skippedeven td {background-color: #CCC}.failedodd td,.attn {background-color: #F33}.failedeven td,.stripe .attn {background-color: #D00}.stacktrace {white-space:pre;font-family:monospace}.totop {font-size:85%;text-align:center;border-bottom:2px solid #000}</style></head><body><table><tr><th>Test</th><th># Passed</th><th># Skipped</th><th># Failed</th><th>Time (ms)</th><th>Included Groups</th><th>Excluded Groups</th></tr><tr><th colspan="7">Default suite</th></tr><tr><td><a href="#t0">Default test</a></td><td class="num">1</td><td class="num">0</td><td class="num attn">1</td><td class="num">48,802</td><td></td><td></td></tr></table><table><thead><tr><th>Class</th><th>Method</th><th>Start</th><th>Time (ms)</th></tr></thead><tbody><tr><th colspan="4">Default suite</th></tr></tbody><tbody id="t0"><tr><th colspan="4">Default test &#8212; failed</th></tr><tr class="failedeven"><td rowspan="1">TriHonda.RequestQuote</td><td><a href="#m0">beforeMethod</a></td><td rowspan="1">1399323916921</td><td rowspan="1">41335</td></tr><tr><th colspan="4">Default test &#8212; passed</th></tr><tr class="passedeven"><td rowspan="1">TriHonda.RequestQuote</td><td><a href="#m1">f</a></td><td rowspan="1">1399323958262</td><td rowspan="1">0</td></tr></tbody></table><h2>Default test</h2><h3 id="m0">TriHonda.RequestQuote#beforeMethod</h3><table class="result"><tr><th>Messages</th></tr><tr><td><div class="messages">&lt;a href=&apos;/Users/agolubev1/Desktop/TestNG/TriHondaTestNG1/Y://TrHondaTestNG1/RequestQuote20140505_170509/hondacar.png&apos;&gt; &lt;img src=&apos;/Users/agolubev1/Desktop/TestNG/TriHondaTestNG1/Y://TrHondaTestNG1/RequestQuote20140505_170509/hondacar.png &apos; height=&apos;100&apos; width=&apos;100&apos;/&gt;&lt;a href=&apos;http://dev.trihonda.pkt-tech.com/vehicles/details?modelId=9&amp;trimId=262&apos;&gt;&apos;http://dev.trihonda.pkt-tech.com/vehicles/details?modelId=9&amp;trimId=262&apos;&lt;/a&gt;  &lt;/a&gt;<br/>&lt;a href=&apos;/Users/agolubev1/Desktop/TestNG/TriHondaTestNG1/Y://TrHondaTestNG1/RequestQuote20140505_170509/hondacar.png&apos;&gt; &lt;img src=&apos;/Users/agolubev1/Desktop/TestNG/TriHondaTestNG1/Y://TrHondaTestNG1/RequestQuote20140505_170509/hondacar.png &apos; height=&apos;100&apos; width=&apos;100&apos;/&gt;&lt;a href=&apos;http://dev.trihonda.pkt-tech.com/vehicles/details?modelId=9&amp;trimId=263&apos;&gt;&apos;http://dev.trihonda.pkt-tech.com/vehicles/details?modelId=9&amp;trimId=263&apos;&lt;/a&gt;  &lt;/a&gt;</div></td></tr><tr><th>Exception</th></tr><tr><td><div class="stacktrace">org.openqa.selenium.NoSuchElementException: Unable to locate element: {&quot;method&quot;:&quot;css selector&quot;,&quot;selector&quot;:&quot;div.no-offer-callout-details &gt; a.request-button.blue-button &gt; span&quot;}
Command duration or timeout: 30.09 seconds
For documentation on this error, please visit: http://seleniumhq.org/exceptions/no_such_element.html
Build info: version: &apos;2.37.0&apos;, revision: &apos;a7c61cb&apos;, time: &apos;2013-10-18 17:14:21&apos;
System info: host: &apos;nycpusagolube.local&apos;, ip: &apos;10.6.12.50&apos;, os.name: &apos;Mac OS X&apos;, os.arch: &apos;x86_64&apos;, os.version: &apos;10.8.5&apos;, java.version: &apos;1.6.0_51&apos;
Session ID: c43044c8-e746-bc4c-9109-e293b4cb441f
Driver info: org.openqa.selenium.firefox.FirefoxDriver
Capabilities [{platform=MAC, acceptSslCerts=true, javascriptEnabled=true, browserName=firefox, rotatable=false, locationContextEnabled=true, version=20.0, cssSelectorsEnabled=true, databaseEnabled=true, handlesAlerts=true, browserConnectionEnabled=true, nativeEvents=false, webStorageEnabled=true, applicationCacheEnabled=true, takesScreenshot=true}]
	at sun.reflect.NativeConstructorAccessorImpl.newInstance0(Native Method)
	at sun.reflect.NativeConstructorAccessorImpl.newInstance(NativeConstructorAccessorImpl.java:39)
	at sun.reflect.DelegatingConstructorAccessorImpl.newInstance(DelegatingConstructorAccessorImpl.java:27)
	at java.lang.reflect.Constructor.newInstance(Constructor.java:513)
	at org.openqa.selenium.remote.ErrorHandler.createThrowable(ErrorHandler.java:193)
	at org.openqa.selenium.remote.ErrorHandler.throwIfResponseFailed(ErrorHandler.java:145)
	at org.openqa.selenium.remote.RemoteWebDriver.execute(RemoteWebDriver.java:554)
	at org.openqa.selenium.remote.RemoteWebDriver.findElement(RemoteWebDriver.java:307)
	at org.openqa.selenium.remote.RemoteWebDriver.findElementByCssSelector(RemoteWebDriver.java:396)
	at org.openqa.selenium.By$ByCssSelector.findElement(By.java:432)
	at org.openqa.selenium.remote.RemoteWebDriver.findElement(RemoteWebDriver.java:299)
	at TriHonda.RequestQuote.beforeMethod(RequestQuote.java:69)
	at sun.reflect.NativeMethodAccessorImpl.invoke0(Native Method)
	at sun.reflect.NativeMethodAccessorImpl.invoke(NativeMethodAccessorImpl.java:39)
	at sun.reflect.DelegatingMethodAccessorImpl.invoke(DelegatingMethodAccessorImpl.java:25)
	at java.lang.reflect.Method.invoke(Method.java:597)
	at org.testng.internal.MethodInvocationHelper.invokeMethod(MethodInvocationHelper.java:84)
	at org.testng.internal.Invoker.invokeMethod(Invoker.java:714)
	at org.testng.internal.Invoker.invokeTestMethod(Invoker.java:901)
	at org.testng.internal.Invoker.invokeTestMethods(Invoker.java:1231)
	at org.testng.internal.TestMethodWorker.invokeTestMethods(TestMethodWorker.java:127)
	at org.testng.internal.TestMethodWorker.run(TestMethodWorker.java:111)
	at org.testng.TestRunner.privateRun(TestRunner.java:767)
	at org.testng.TestRunner.run(TestRunner.java:617)
	at org.testng.SuiteRunner.runTest(SuiteRunner.java:334)
	at org.testng.SuiteRunner.runSequentially(SuiteRunner.java:329)
	at org.testng.SuiteRunner.privateRun(SuiteRunner.java:291)
	at org.testng.SuiteRunner.run(SuiteRunner.java:240)
	at org.testng.SuiteRunnerWorker.runSuite(SuiteRunnerWorker.java:52)
	at org.testng.SuiteRunnerWorker.run(SuiteRunnerWorker.java:86)
	at org.testng.TestNG.runSuitesSequentially(TestNG.java:1224)
	at org.testng.TestNG.runSuitesLocally(TestNG.java:1149)
	at org.testng.TestNG.run(TestNG.java:1057)
	at org.testng.remote.RemoteTestNG.run(RemoteTestNG.java:111)
	at org.testng.remote.RemoteTestNG.initAndRun(RemoteTestNG.java:204)
	at org.testng.remote.RemoteTestNG.main(RemoteTestNG.java:175)
Caused by: org.openqa.selenium.remote.ErrorHandler$UnknownServerException: Unable to locate element: {&quot;method&quot;:&quot;css selector&quot;,&quot;selector&quot;:&quot;div.no-offer-callout-details &gt; a.request-button.blue-button &gt; span&quot;}
Build info: version: &apos;2.37.0&apos;, revision: &apos;a7c61cb&apos;, time: &apos;2013-10-18 17:14:21&apos;
System info: host: &apos;nycpusagolube.local&apos;, ip: &apos;10.6.12.50&apos;, os.name: &apos;Mac OS X&apos;, os.arch: &apos;x86_64&apos;, os.version: &apos;10.8.5&apos;, java.version: &apos;1.6.0_51&apos;
Driver info: driver.version: unknown
	at &lt;anonymous class&gt;.FirefoxDriver.prototype.findElementInternal_(file:///var/folders/gd/k5lsk02s4gdbr4f350qydgwnxp8pg6/T/anonymous1519663381535453955webdriver-profile/extensions/fxdriver@googlecode.com/components/driver_component.js:8891)
	at &lt;anonymous class&gt;.fxdriver.Timer.prototype.setTimeout/&lt;.notify(file:///var/folders/gd/k5lsk02s4gdbr4f350qydgwnxp8pg6/T/anonymous1519663381535453955webdriver-profile/extensions/fxdriver@googlecode.com/components/driver_component.js:396)
</div></td></tr></table><p class="totop"><a href="#summary">back to summary</a></p><h3 id="m1">TriHonda.RequestQuote#f</h3><table class="result"></table><p class="totop"><a href="#summary">back to summary</a></p></body></html>