<?xml version="1.0" encoding="UTF-8"?>
<testng-results skipped="0" failed="1" total="2" passed="1">
  <reporter-output>
    <line>
      <![CDATA[<a href='/Users/agolubev1/Desktop/TestNG/TriHondaTestNG1/Y://TrHondaTestNG1/RequestQuote20140505_170509/hondacar.png'> <img src='/Users/agolubev1/Desktop/TestNG/TriHondaTestNG1/Y://TrHondaTestNG1/RequestQuote20140505_170509/hondacar.png ' height='100' width='100'/><a href='http://dev.trihonda.pkt-tech.com/vehicles/details?modelId=9&trimId=262'>'http://dev.trihonda.pkt-tech.com/vehicles/details?modelId=9&trimId=262'</a>  </a>]]>
    </line>
    <line>
      <![CDATA[<a href='/Users/agolubev1/Desktop/TestNG/TriHondaTestNG1/Y://TrHondaTestNG1/RequestQuote20140505_170509/hondacar.png'> <img src='/Users/agolubev1/Desktop/TestNG/TriHondaTestNG1/Y://TrHondaTestNG1/RequestQuote20140505_170509/hondacar.png ' height='100' width='100'/><a href='http://dev.trihonda.pkt-tech.com/vehicles/details?modelId=9&trimId=263'>'http://dev.trihonda.pkt-tech.com/vehicles/details?modelId=9&trimId=263'</a>  </a>]]>
    </line>
  </reporter-output>
  <suite name="Default suite" duration-ms="48802" started-at="2014-05-05T21:05:09Z" finished-at="2014-05-05T21:05:58Z">
    <groups>
    </groups>
    <test name="Default test" duration-ms="48802" started-at="2014-05-05T21:05:09Z" finished-at="2014-05-05T21:05:58Z">
      <class name="TriHonda.RequestQuote">
        <test-method status="PASS" signature="beforeSuite()[pri:0, instance:TriHonda.RequestQuote@5bcdbf6]" name="beforeSuite" is-config="true" duration-ms="6" started-at="2014-05-05T17:05:09Z" finished-at="2014-05-05T17:05:09Z">
          <reporter-output>
          </reporter-output>
        </test-method> <!-- beforeSuite -->
        <test-method status="PASS" signature="beforeTest()[pri:0, instance:TriHonda.RequestQuote@5bcdbf6]" name="beforeTest" is-config="true" duration-ms="0" started-at="2014-05-05T17:05:09Z" finished-at="2014-05-05T17:05:09Z">
          <reporter-output>
          </reporter-output>
        </test-method> <!-- beforeTest -->
        <test-method status="PASS" signature="beforeClass()[pri:0, instance:TriHonda.RequestQuote@5bcdbf6]" name="beforeClass" is-config="true" duration-ms="7451" started-at="2014-05-05T17:05:09Z" finished-at="2014-05-05T17:05:16Z">
          <reporter-output>
          </reporter-output>
        </test-method> <!-- beforeClass -->
        <test-method status="FAIL" signature="beforeMethod()[pri:0, instance:TriHonda.RequestQuote@5bcdbf6]" name="beforeMethod" duration-ms="41335" started-at="2014-05-05T17:05:16Z" finished-at="2014-05-05T17:05:58Z">
          <exception class="org.openqa.selenium.NoSuchElementException">
            <message>
              <![CDATA[Unable to locate element: {"method":"css selector","selector":"div.no-offer-callout-details > a.request-button.blue-button > span"}
Command duration or timeout: 30.09 seconds
For documentation on this error, please visit: http://seleniumhq.org/exceptions/no_such_element.html
Build info: version: '2.37.0', revision: 'a7c61cb', time: '2013-10-18 17:14:21'
System info: host: 'nycpusagolube.local', ip: '10.6.12.50', os.name: 'Mac OS X', os.arch: 'x86_64', os.version: '10.8.5', java.version: '1.6.0_51'
Session ID: c43044c8-e746-bc4c-9109-e293b4cb441f
Driver info: org.openqa.selenium.firefox.FirefoxDriver
Capabilities [{platform=MAC, acceptSslCerts=true, javascriptEnabled=true, browserName=firefox, rotatable=false, locationContextEnabled=true, version=20.0, cssSelectorsEnabled=true, databaseEnabled=true, handlesAlerts=true, browserConnectionEnabled=true, nativeEvents=false, webStorageEnabled=true, applicationCacheEnabled=true, takesScreenshot=true}]]]>
            </message>
            <full-stacktrace>
              <![CDATA[org.openqa.selenium.NoSuchElementException: Unable to locate element: {"method":"css selector","selector":"div.no-offer-callout-details > a.request-button.blue-button > span"}
Command duration or timeout: 30.09 seconds
For documentation on this error, please visit: http://seleniumhq.org/exceptions/no_such_element.html
Build info: version: '2.37.0', revision: 'a7c61cb', time: '2013-10-18 17:14:21'
System info: host: 'nycpusagolube.local', ip: '10.6.12.50', os.name: 'Mac OS X', os.arch: 'x86_64', os.version: '10.8.5', java.version: '1.6.0_51'
Session ID: c43044c8-e746-bc4c-9109-e293b4cb441f
Driver info: org.openqa.selenium.firefox.FirefoxDriver
Capabilities [{platform=MAC, acceptSslCerts=true, javascriptEnabled=true, browserName=firefox, rotatable=false, locationContextEnabled=true, version=20.0, cssSelectorsEnabled=true, databaseEnabled=true, handlesAlerts=true, browserConnectionEnabled=true, nativeEvents=false, webStorageEnabled=true, applicationCacheEnabled=true, takesScreenshot=true}]
	at sun.reflect.NativeConstructorAccessorImpl.newInstance0(Native Method)
	at sun.reflect.NativeConstructorAccessorImpl.newInstance(NativeConstructorAccessorImpl.java:39)
	at sun.reflect.DelegatingConstructorAccessorImpl.newInstance(DelegatingConstructorAccessorImpl.java:27)
	at java.lang.reflect.Constructor.newInstance(Constructor.java:513)
	at org.openqa.selenium.remote.ErrorHandler.createThrowable(ErrorHandler.java:193)
	at org.openqa.selenium.remote.ErrorHandler.throwIfResponseFailed(ErrorHandler.java:145)
	at org.openqa.selenium.remote.RemoteWebDriver.execute(RemoteWebDriver.java:554)
	at org.openqa.selenium.remote.RemoteWebDriver.findElement(RemoteWebDriver.java:307)
	at org.openqa.selenium.remote.RemoteWebDriver.findElementByCssSelector(RemoteWebDriver.java:396)
	at org.openqa.selenium.By$ByCssSelector.findElement(By.java:432)
	at org.openqa.selenium.remote.RemoteWebDriver.findElement(RemoteWebDriver.java:299)
	at TriHonda.RequestQuote.beforeMethod(RequestQuote.java:69)
	at sun.reflect.NativeMethodAccessorImpl.invoke0(Native Method)
	at sun.reflect.NativeMethodAccessorImpl.invoke(NativeMethodAccessorImpl.java:39)
	at sun.reflect.DelegatingMethodAccessorImpl.invoke(DelegatingMethodAccessorImpl.java:25)
	at java.lang.reflect.Method.invoke(Method.java:597)
	at org.testng.internal.MethodInvocationHelper.invokeMethod(MethodInvocationHelper.java:84)
	at org.testng.internal.Invoker.invokeMethod(Invoker.java:714)
	at org.testng.internal.Invoker.invokeTestMethod(Invoker.java:901)
	at org.testng.internal.Invoker.invokeTestMethods(Invoker.java:1231)
	at org.testng.internal.TestMethodWorker.invokeTestMethods(TestMethodWorker.java:127)
	at org.testng.internal.TestMethodWorker.run(TestMethodWorker.java:111)
	at org.testng.TestRunner.privateRun(TestRunner.java:767)
	at org.testng.TestRunner.run(TestRunner.java:617)
	at org.testng.SuiteRunner.runTest(SuiteRunner.java:334)
	at org.testng.SuiteRunner.runSequentially(SuiteRunner.java:329)
	at org.testng.SuiteRunner.privateRun(SuiteRunner.java:291)
	at org.testng.SuiteRunner.run(SuiteRunner.java:240)
	at org.testng.SuiteRunnerWorker.runSuite(SuiteRunnerWorker.java:52)
	at org.testng.SuiteRunnerWorker.run(SuiteRunnerWorker.java:86)
	at org.testng.TestNG.runSuitesSequentially(TestNG.java:1224)
	at org.testng.TestNG.runSuitesLocally(TestNG.java:1149)
	at org.testng.TestNG.run(TestNG.java:1057)
	at org.testng.remote.RemoteTestNG.run(RemoteTestNG.java:111)
	at org.testng.remote.RemoteTestNG.initAndRun(RemoteTestNG.java:204)
	at org.testng.remote.RemoteTestNG.main(RemoteTestNG.java:175)
Caused by: org.openqa.selenium.remote.ErrorHandler$UnknownServerException: Unable to locate element: {"method":"css selector","selector":"div.no-offer-callout-details > a.request-button.blue-button > span"}
Build info: version: '2.37.0', revision: 'a7c61cb', time: '2013-10-18 17:14:21'
System info: host: 'nycpusagolube.local', ip: '10.6.12.50', os.name: 'Mac OS X', os.arch: 'x86_64', os.version: '10.8.5', java.version: '1.6.0_51'
Driver info: driver.version: unknown
	at <anonymous class>.FirefoxDriver.prototype.findElementInternal_(file:///var/folders/gd/k5lsk02s4gdbr4f350qydgwnxp8pg6/T/anonymous1519663381535453955webdriver-profile/extensions/fxdriver@googlecode.com/components/driver_component.js:8891)
	at <anonymous class>.fxdriver.Timer.prototype.setTimeout/<.notify(file:///var/folders/gd/k5lsk02s4gdbr4f350qydgwnxp8pg6/T/anonymous1519663381535453955webdriver-profile/extensions/fxdriver@googlecode.com/components/driver_component.js:396)
]]>
            </full-stacktrace>
          </exception> <!-- org.openqa.selenium.NoSuchElementException -->
          <reporter-output>
            <line>
              <![CDATA[<a href='/Users/agolubev1/Desktop/TestNG/TriHondaTestNG1/Y://TrHondaTestNG1/RequestQuote20140505_170509/hondacar.png'> <img src='/Users/agolubev1/Desktop/TestNG/TriHondaTestNG1/Y://TrHondaTestNG1/RequestQuote20140505_170509/hondacar.png ' height='100' width='100'/><a href='http://dev.trihonda.pkt-tech.com/vehicles/details?modelId=9&trimId=262'>'http://dev.trihonda.pkt-tech.com/vehicles/details?modelId=9&trimId=262'</a>  </a>]]>
            </line>
            <line>
              <![CDATA[<a href='/Users/agolubev1/Desktop/TestNG/TriHondaTestNG1/Y://TrHondaTestNG1/RequestQuote20140505_170509/hondacar.png'> <img src='/Users/agolubev1/Desktop/TestNG/TriHondaTestNG1/Y://TrHondaTestNG1/RequestQuote20140505_170509/hondacar.png ' height='100' width='100'/><a href='http://dev.trihonda.pkt-tech.com/vehicles/details?modelId=9&trimId=263'>'http://dev.trihonda.pkt-tech.com/vehicles/details?modelId=9&trimId=263'</a>  </a>]]>
            </line>
          </reporter-output>
        </test-method> <!-- beforeMethod -->
        <test-method status="PASS" signature="afterMethod()[pri:0, instance:TriHonda.RequestQuote@5bcdbf6]" name="afterMethod" is-config="true" duration-ms="1" started-at="2014-05-05T17:05:58Z" finished-at="2014-05-05T17:05:58Z">
          <reporter-output>
          </reporter-output>
        </test-method> <!-- afterMethod -->
        <test-method status="PASS" signature="f()[pri:0, instance:TriHonda.RequestQuote@5bcdbf6]" name="f" duration-ms="0" started-at="2014-05-05T17:05:58Z" finished-at="2014-05-05T17:05:58Z">
          <reporter-output>
          </reporter-output>
        </test-method> <!-- f -->
        <test-method status="PASS" signature="afterClass()[pri:0, instance:TriHonda.RequestQuote@5bcdbf6]" name="afterClass" is-config="true" duration-ms="0" started-at="2014-05-05T17:05:58Z" finished-at="2014-05-05T17:05:58Z">
          <reporter-output>
          </reporter-output>
        </test-method> <!-- afterClass -->
        <test-method status="PASS" signature="afterMethod()[pri:0, instance:TriHonda.RequestQuote@5bcdbf6]" name="afterMethod" is-config="true" duration-ms="0" started-at="2014-05-05T17:05:58Z" finished-at="2014-05-05T17:05:58Z">
          <reporter-output>
          </reporter-output>
        </test-method> <!-- afterMethod -->
        <test-method status="PASS" signature="afterTest()[pri:0, instance:TriHonda.RequestQuote@5bcdbf6]" name="afterTest" is-config="true" duration-ms="0" started-at="2014-05-05T17:05:58Z" finished-at="2014-05-05T17:05:58Z">
          <reporter-output>
          </reporter-output>
        </test-method> <!-- afterTest -->
        <test-method status="PASS" signature="afterSuite()[pri:0, instance:TriHonda.RequestQuote@5bcdbf6]" name="afterSuite" is-config="true" duration-ms="74" started-at="2014-05-05T17:05:58Z" finished-at="2014-05-05T17:05:58Z">
          <reporter-output>
          </reporter-output>
        </test-method> <!-- afterSuite -->
      </class> <!-- TriHonda.RequestQuote -->
    </test> <!-- Default test -->
  </suite> <!-- Default suite -->
</testng-results>
